(---------------------------------------------------------------------)
(                                                                     )
(    Backdrill Analysis Log File                                      )
(                                                                     )
(    Drawing          : bluttooth.brd                                 )
(    Software Version : 16.6P004                                      )
(    Date/Time        : Fri Jul 25 11:07:56 2014                      )
(                                                                     )
(---------------------------------------------------------------------)


 Backdrill Setup
 ===============

  Pass definitions:

    From Layer            Objects    Pass  To Layer                      Depth
    ----------            -------    ----  --------                      -----

    Top                   Pins&Vias        All layers                         
    Bottom                Pins&Vias        All layers                         

  Layout cross section:

        Layer                  Thickness    From Top    From Bottom
        -----                  ---------    --------    -----------

     1  TOP                         1.20       66.20
          Dielectric               65.00
     2  BOTTOM                      1.20                      66.20

        Total thickness:           67.40

There are no nets flagged for backdrilling.
