(---------------------------------------------------------------------)
(                                                                     )
(    Allegro Netrev Import Logic                                      )
(                                                                     )
(    Drawing          : bluttooth.brd                                 )
(    Software Version : 16.6P004                                      )
(    Date/Time        : Fri Jul 18 18:34:59 2014                      )
(                                                                     )
(---------------------------------------------------------------------)


------ Directives ------

RIPUP_ETCH FALSE;
RIPUP_DELETE_FIRST_SEGMENT FALSE;
RIPUP_RETAIN_BONDWIRE FALSE;
RIPUP_SYMBOLS ALWAYS;
Missing symbol has error FALSE;
SCHEMATIC_DIRECTORY 'D:/LayoutPCB/pedal_control_bluetooth/allegro';
BOARD_DIRECTORY '';
OLD_BOARD_NAME 'D:/LayoutPCB/pedal_control_bluetooth/bluttooth.brd';
NEW_BOARD_NAME 'D:/LayoutPCB/pedal_control_bluetooth/bluttooth.brd';

CmdLine: netrev -$ -i D:/LayoutPCB/pedal_control_bluetooth/allegro -y 1 D:/LayoutPCB/pedal_control_bluetooth/#Taaaabk03648.tmp

------ Preparing to read pst files ------

Starting to read D:/LayoutPCB/pedal_control_bluetooth/allegro/pstchip.dat 
   Finished reading D:/LayoutPCB/pedal_control_bluetooth/allegro/pstchip.dat (00:00:00.07)
Starting to read D:/LayoutPCB/pedal_control_bluetooth/allegro/pstxprt.dat 
   Finished reading D:/LayoutPCB/pedal_control_bluetooth/allegro/pstxprt.dat (00:00:00.00)
Starting to read D:/LayoutPCB/pedal_control_bluetooth/allegro/pstxnet.dat 
   Finished reading D:/LayoutPCB/pedal_control_bluetooth/allegro/pstxnet.dat (00:00:00.00)

------ Oversights/Warnings/Errors ------


------ Library Paths ------
MODULEPATH =  . 
           d:/Cadence/SPB_16.6/share/local/pcb/modules 

PSMPATH =  . 
           symbols 
           .. 
           ../symbols 
           d:/Cadence/SPB_16.6/share/local/pcb/symbols 
           d:/Cadence/SPB_16.6/share/pcb/pcb_lib/symbols 
           d:/Cadence/SPB_16.6/share/pcb/allegrolib/symbols 
           ./all_lib/ 
           D:/LayoutPCB/GLASS_DESIGN_PCB/Core_broad_S5pv210/bak/all_lib_data/ 
           D:/LayoutPCB/GLASS_DESIGN_PCB/Core_broad_S5pv210/bak/lib_for_samsung/ 
           D:/LayoutPCB/GLASS_DESIGN_PCB/lcos_glass_ext_pcb/ref_pcb/all_lib_pcb/ 
           D:/LayoutPCB/GLASS_DESIGN_PCB/lcos_glass_ext_pcb/ref_pcb/all_lib_pcb/SD_lib/ 

PADPATH =  . 
           symbols 
           .. 
           ../symbols 
           d:/Cadence/SPB_16.6/share/local/pcb/padstacks 
           d:/Cadence/SPB_16.6/share/pcb/pcb_lib/symbols 
           d:/Cadence/SPB_16.6/share/pcb/allegrolib/symbols 
           ./all_lib/ 
           D:/LayoutPCB/GLASS_DESIGN_PCB/Core_broad_S5pv210/bak/all_lib_data/ 
           D:/LAYOUTPCB/GLASS_DESIGN_PCB/CORE_BROAD_S5PV210/bak/lib_for_samsung/ 
           D:/LayoutPCB/GLASS_DESIGN_PCB/lcos_glass_ext_pcb/ref_pcb/all_lib_pcb/ 
           D:/LayoutPCB/GLASS_DESIGN_PCB/lcos_glass_ext_pcb/ref_pcb/all_lib_pcb/SD_lib/ 


------ Summary Statistics ------


netrev run on Jul 18 18:34:59 2014
   DESIGN NAME : 'NUC122_PADEL_BLUETOOTH'
   PACKAGING ON Sep 10 2012 04:46:09

   COMPILE 'logic'
   CHECK_PIN_NAMES OFF
   CROSS_REFERENCE OFF
   FEEDBACK OFF
   INCREMENTAL OFF
   INTERFACE_TYPE PHYSICAL
   MAX_ERRORS 500
   MERGE_MINIMUM 5
   NET_NAME_CHARS '#%&()*+-./:=>?@[]^_`|'
   NET_NAME_LENGTH 24
   OVERSIGHTS ON
   REPLACE_CHECK OFF
   SINGLE_NODE_NETS ON
   SPLIT_MINIMUM 0
   SUPPRESS   20
   WARNINGS ON

 No error detected
 No oversight detected
 No warning detected

cpu time      0:00:53
elapsed time  0:00:00

